<?xml version="1.0" encoding="UTF-8"?>
<!-- Generated by org.testng.reporters.JUnitReportReporter -->
<testsuite hostname="user-PC" failures="0" tests="1" name="com.testscenarios.Jricreateaccount" time="28.498" errors="0" timestamp="2022-11-22T15:18:24 IST" skipped="0">
  <testcase classname="com.testscenarios.Jricreateaccount" name="f" time="28.498"/>
  <system-out/>
</testsuite> <!-- com.testscenarios.Jricreateaccount -->
