<?xml version="1.0" encoding="UTF-8"?>
<!-- Generated by org.testng.reporters.JUnitReportReporter -->
<testsuite hostname="user-PC" failures="0" tests="1" name="com.testscenarios.Frameshandling" time="18.713" errors="0" timestamp="2022-11-30T21:48:04 IST" skipped="0">
  <testcase classname="com.testscenarios.Frameshandling" name="f" time="18.713"/>
  <system-out/>
</testsuite> <!-- com.testscenarios.Frameshandling -->
