<?xml version="1.0" encoding="UTF-8"?>
<!-- Generated by org.testng.reporters.JUnitReportReporter -->
<testsuite hostname="user-PC" failures="0" tests="1" name="com.testscenarios.Fb_login" time="6.977" errors="0" timestamp="2022-11-22T15:08:09 IST" skipped="0">
  <testcase classname="com.testscenarios.Fb_login" name="f" time="6.977"/>
  <system-out/>
</testsuite> <!-- com.testscenarios.Fb_login -->
