<?xml version="1.0" encoding="UTF-8"?>
<!-- Generated by org.testng.reporters.JUnitReportReporter -->
<testsuite hostname="user-PC" failures="0" tests="1" name="com.testscenarios.Assignment18" time="33.724" errors="0" timestamp="2022-11-29T15:05:49 IST" skipped="0">
  <testcase classname="com.testscenarios.Assignment18" name="f" time="33.724"/>
  <system-out/>
</testsuite> <!-- com.testscenarios.Assignment18 -->
