<?xml version="1.0" encoding="UTF-8"?>
<!-- Generated by org.testng.reporters.JUnitReportReporter -->
<testsuite hostname="user-PC" failures="0" tests="1" name="com.testscenarios.SwitchtToandClosewindowhandling" time="127.329" errors="0" timestamp="2022-11-29T14:53:10 IST" skipped="0">
  <testcase classname="com.testscenarios.SwitchtToandClosewindowhandling" name="f" time="127.329"/>
  <system-out/>
</testsuite> <!-- com.testscenarios.SwitchtToandClosewindowhandling -->
