<?xml version="1.0" encoding="UTF-8"?>
<!-- Generated by org.testng.reporters.JUnitReportReporter -->
<testsuite hostname="user-PC" failures="0" tests="1" name="com.testscenarios.TTDwebsite" time="12.401" errors="0" timestamp="2022-11-29T17:24:50 IST" skipped="0">
  <testcase classname="com.testscenarios.TTDwebsite" name="f" time="12.401"/>
  <system-out/>
</testsuite> <!-- com.testscenarios.TTDwebsite -->
