<?xml version="1.0" encoding="UTF-8"?>
<!-- Generated by org.testng.reporters.JUnitReportReporter -->
<testsuite hostname="user-PC" failures="0" tests="1" name="com.testscenarios.Assignment23" time="19.605" errors="0" timestamp="2022-12-01T18:59:13 IST" skipped="0">
  <testcase classname="com.testscenarios.Assignment23" name="f" time="19.605"/>
  <system-out/>
</testsuite> <!-- com.testscenarios.Assignment23 -->
