<?xml version="1.0" encoding="UTF-8"?>
<!-- Generated by org.testng.reporters.JUnitReportReporter -->
<testsuite hostname="user-PC" failures="0" tests="1" name="com.testscenarios.Popuphandling" time="14.204" errors="0" timestamp="2022-11-29T14:55:54 IST" skipped="0">
  <testcase classname="com.testscenarios.Popuphandling" name="f" time="14.204"/>
  <system-out/>
</testsuite> <!-- com.testscenarios.Popuphandling -->
