<?xml version="1.0" encoding="UTF-8"?>
<!-- Generated by org.testng.reporters.JUnitReportReporter -->
<testsuite hostname="user-PC" failures="0" tests="1" name="com.testscenarios.SwitchtToandClose" time="58.191" errors="0" timestamp="2022-11-29T11:16:16 IST" skipped="0">
  <testcase classname="com.testscenarios.SwitchtToandClose" name="f" time="58.191"/>
  <system-out/>
</testsuite> <!-- com.testscenarios.SwitchtToandClose -->
